f:\a.university code new\c++\000 other game\mud_-cpp-master\mud_-cpp-master\x64\release\vc143.pdb
f:\a.university code new\c++\000 other game\mud_-cpp-master\mud_-cpp-master\x64\release\task.obj
f:\a.university code new\c++\000 other game\mud_-cpp-master\mud_-cpp-master\x64\release\system.obj
f:\a.university code new\c++\000 other game\mud_-cpp-master\mud_-cpp-master\x64\release\store.obj
f:\a.university code new\c++\000 other game\mud_-cpp-master\mud_-cpp-master\x64\release\skill.obj
f:\a.university code new\c++\000 other game\mud_-cpp-master\mud_-cpp-master\x64\release\quest_items.obj
f:\a.university code new\c++\000 other game\mud_-cpp-master\mud_-cpp-master\x64\release\pool.obj
f:\a.university code new\c++\000 other game\mud_-cpp-master\mud_-cpp-master\x64\release\object.obj
f:\a.university code new\c++\000 other game\mud_-cpp-master\mud_-cpp-master\x64\release\npc.obj
f:\a.university code new\c++\000 other game\mud_-cpp-master\mud_-cpp-master\x64\release\map.obj
f:\a.university code new\c++\000 other game\mud_-cpp-master\mud_-cpp-master\x64\release\main.obj
f:\a.university code new\c++\000 other game\mud_-cpp-master\mud_-cpp-master\x64\release\leader.obj
f:\a.university code new\c++\000 other game\mud_-cpp-master\mud_-cpp-master\x64\release\fish.obj
f:\a.university code new\c++\000 other game\mud_-cpp-master\mud_-cpp-master\x64\release\filename.obj
f:\a.university code new\c++\000 other game\mud_-cpp-master\mud_-cpp-master\x64\release\fight.obj
f:\a.university code new\c++\000 other game\mud_-cpp-master\mud_-cpp-master\x64\release\entity.obj
f:\a.university code new\c++\000 other game\mud_-cpp-master\mud_-cpp-master\x64\release\consume_items.obj
f:\a.university code new\c++\000 other game\mud_-cpp-master\mud_-cpp-master\x64\release\character.obj
f:\a.university code new\c++\000 other game\mud_-cpp-master\mud_-cpp-master\x64\release\armor.obj
f:\a.university code new\c++\000 other game\mud_-cpp-master\mud_-cpp-master\x64\release\antagonist.obj
f:\a.university code new\c++\000 other game\mud_-cpp-master\mud_-cpp-master\x64\release\weapon.obj
f:\a.university code new\c++\000 other game\mud_-cpp-master\mud_-cpp-master\x64\release\a.mud_cpp.exe
f:\a.university code new\c++\000 other game\mud_-cpp-master\mud_-cpp-master\x64\release\a.mud_cpp.pdb
f:\a.university code new\c++\000 other game\mud_-cpp-master\mud_-cpp-master\x64\release\a.mud_cpp.ipdb
f:\a.university code new\c++\000 other game\mud_-cpp-master\mud_-cpp-master\x64\release\a.mud_cpp.iobj
f:\a.university code new\c++\000 other game\mud_-cpp-master\mud_-cpp-master\x64\release\a.mud_cpp.tlog\cl.command.1.tlog
f:\a.university code new\c++\000 other game\mud_-cpp-master\mud_-cpp-master\x64\release\a.mud_cpp.tlog\cl.items.tlog
f:\a.university code new\c++\000 other game\mud_-cpp-master\mud_-cpp-master\x64\release\a.mud_cpp.tlog\cl.read.1.tlog
f:\a.university code new\c++\000 other game\mud_-cpp-master\mud_-cpp-master\x64\release\a.mud_cpp.tlog\cl.write.1.tlog
f:\a.university code new\c++\000 other game\mud_-cpp-master\mud_-cpp-master\x64\release\a.mud_cpp.tlog\link.command.1.tlog
f:\a.university code new\c++\000 other game\mud_-cpp-master\mud_-cpp-master\x64\release\a.mud_cpp.tlog\link.read.1.tlog
f:\a.university code new\c++\000 other game\mud_-cpp-master\mud_-cpp-master\x64\release\a.mud_cpp.tlog\link.write.1.tlog
f:\a.university code new\c++\000 other game\mud_-cpp-master\mud_-cpp-master\x64\release\a.mud_cpp.tlog\link.write.2u.tlog
